<?xml version="1.0" encoding="UTF-8"?>
<testsuite xmlns:xsi="http://www.w3.org/2001/XMLSchema-instance" xsi:noNamespaceSchemaLocation="https://maven.apache.org/surefire/maven-surefire-plugin/xsd/surefire-test-report.xsd" version="3.0.2" name="org.mps.ronqi2.RonQI2SilverTest" time="1.798" tests="20" errors="0" skipped="0" failures="0">
  <properties>
[...]
</properties>
  <testcase name="obtenerNuevaLectura_TamañoNoSuperado_AñadeCorrectamente" classname="org.mps.ronqi2.RonQI2SilverTest" time="1.531">
    <system-err><![CDATA[Mockito is currently self-attaching to enable the inline-mock-maker. This will no longer work in future releases of the JDK. Please add Mockito as an agent to your build as described in Mockito's documentation: https://javadoc.io/doc/org.mockito/mockito-core/latest/org/mockito/Mockito.html#0.3
WARNING: A Java agent has been loaded dynamically (C:\Users\jesus\.m2\repository\net\bytebuddy\byte-buddy-agent\1.15.11\byte-buddy-agent-1.15.11.jar)
WARNING: If a serviceability tool is in use, please run with -XX:+EnableDynamicAgentLoading to hide this warning
WARNING: If a serviceability tool is not in use, please run with -Djdk.instrument.traceUsage for more information
WARNING: Dynamic loading of agents will be disallowed by default in a future release
]]></system-err>
  </testcase>
  <testcase name="reconectar_whenEstaConectado_DevolverFalse" classname="org.mps.ronqi2.RonQI2SilverTest" time="0.015"/>
  <testcase name="evaluarApneaSuenyo_NoApneaEnProcesoSensorPresionMenor_DevuelveTrue" classname="org.mps.ronqi2.RonQI2SilverTest" time="0.008"/>
  <testcase name="estaConectado_DispositivoConectado_DevuelveTrue" classname="org.mps.ronqi2.RonQI2SilverTest" time="0.003"/>
  <testcase name="evaluarApneaSuenyo_NoApneaEnProcesoSensoresMenores_DevuelveTrue" classname="org.mps.ronqi2.RonQI2SilverTest" time="0.005"/>
  <testcase name="evaluarApneaSuenyo_ApneaEnProceso_DevuelveTrue" classname="org.mps.ronqi2.RonQI2SilverTest" time="0.005"/>
  <testcase name="ronqi2silver_nuevoRonQI2Silver_devuelveVerdadero" classname="org.mps.ronqi2.RonQI2SilverTest" time="0.022"/>
  <testcase name="reconectar_whenNoEstaConectadoYSensorSonido_DevolverFalse" classname="org.mps.ronqi2.RonQI2SilverTest" time="0.004"/>
  <testcase name="ronqi2silver_nuevoRonQI2Silver_devuelveFalsoConectarSensorSonido" classname="org.mps.ronqi2.RonQI2SilverTest" time="0.003"/>
  <testcase name="obtenerNuevaLectura_TamañoSuperado_AñadeCorrectamente" classname="org.mps.ronqi2.RonQI2SilverTest" time="0.004"/>
  <testcase name="ronqi2silver_nuevoRonQI2Silver_devuelveFalsoConectarSensorPresion" classname="org.mps.ronqi2.RonQI2SilverTest" time="0.003"/>
  <testcase name="reconectar_whenNoEstaConectadoYSensoresConectados_ConectarloYDevolverTrue" classname="org.mps.ronqi2.RonQI2SilverTest" time="0.003"/>
  <testcase name="estaConectado_DispositivoDesconectado_DevuelveTrue" classname="org.mps.ronqi2.RonQI2SilverTest" time="0.002"/>
  <testcase name="reconectar_whenNoEstaConectadoYSensorPresion_DevolverFalse" classname="org.mps.ronqi2.RonQI2SilverTest" time="0.002"/>
  <testcase name="ronqi2silver_nuevoRonQI2Silver_devuelveFalsoConfigurarSensorPresion" classname="org.mps.ronqi2.RonQI2SilverTest" time="0.003"/>
  <testcase name="ronqi2silver_nuevoRonQI2Silver_devuelveFalsoConfigurarSensorSonido" classname="org.mps.ronqi2.RonQI2SilverTest" time="0.002"/>
  <testcase name="evaluarApneaSuenyo_conDiferentesLecturas_apneaDetectada(int)[1]" classname="org.mps.ronqi2.RonQI2SilverTest" time="0.042"/>
  <testcase name="evaluarApneaSuenyo_conDiferentesLecturas_apneaDetectada(int)[2]" classname="org.mps.ronqi2.RonQI2SilverTest" time="0.004"/>
  <testcase name="evaluarApneaSuenyo_conDiferentesLecturas_apneaDetectada(int)[3]" classname="org.mps.ronqi2.RonQI2SilverTest" time="0.005"/>
  <testcase name="evaluarApneaSuenyo_NoApneaEnProcesoSensorSonidoMenor_DevuelveTrue" classname="org.mps.ronqi2.RonQI2SilverTest" time="0.003"/>
</testsuite>